<?xml version="1.0" encoding="UTF-8"?>
<!-- Generated by org.testng.reporters.JUnitReportReporter -->
<testsuite hostname="LAPTOP-BKU657FU" failures="0" tests="1" name="Test_runner" time="1.356" errors="0" timestamp="2023-02-03T20:12:06 IST" skipped="0">
  <testcase classname="Test_runner" name="annotatio_one" time="1.356"/>
  <system-out/>
</testsuite> <!-- Test_runner -->
